<?xml version="1.0" encoding="UTF-8"?>
<testng-results skipped="0" failed="0" ignored="0" total="1" passed="1">
  <reporter-output>
  </reporter-output>
  <suite name="Default suite" duration-ms="10228" started-at="2022-03-10T00:31:00 HST" finished-at="2022-03-10T00:31:10 HST">
    <groups>
    </groups>
    <test name="Default test" duration-ms="10228" started-at="2022-03-10T00:31:00 HST" finished-at="2022-03-10T00:31:10 HST">
      <class name="test.AddCustomerTest">
        <test-method status="PASS" signature="validUserShouldBeAbleToCreateCustomer()[pri:0, instance:test.AddCustomerTest@5bda8e08]" name="validUserShouldBeAbleToCreateCustomer" duration-ms="10171" started-at="2022-03-10T00:31:00 HST" finished-at="2022-03-10T00:31:10 HST">
          <reporter-output>
          </reporter-output>
        </test-method> <!-- validUserShouldBeAbleToCreateCustomer -->
      </class> <!-- test.AddCustomerTest -->
    </test> <!-- Default test -->
  </suite> <!-- Default suite -->
</testng-results>
